2017-01-16 11:58:59,635 - Demo - INFO - hi 
2017-01-16 12:00:13,213 - Demo - INFO - hi 
2017-01-16 12:05:45,456 - Demo - INFO - hi 
2017-01-16 12:12:22,317 - Demo - INFO - hi 
2017-01-16 12:19:09,416 - qsp.Demo - INFO - hi 
2017-01-16 12:24:52,182 - qsp.Demo - FATAL - Fatal1 
2017-01-16 12:24:52,206 - qsp.Demo - ERROR - error1 
2017-01-16 12:24:52,206 - qsp.Demo - WARN - warn1 
2017-01-16 12:24:52,207 - qsp.Demo - INFO - info1 
2017-01-16 12:24:52,207 - qsp.Demo - FATAL - Fatal2 
2017-01-16 12:24:52,207 - qsp.Demo - ERROR - error2 
2017-01-16 12:24:52,208 - qsp.Demo - WARN - warn2 
2017-01-16 12:24:52,208 - qsp.Demo - INFO - info2 
2017-01-16 12:29:42,305 - qsp.Demo - FATAL - Fatal1 
2017-01-16 12:29:42,316 - qsp.Demo - ERROR - error1 
2017-01-16 12:29:42,316 - qsp.Demo - WARN - warn1 
2017-01-16 12:29:42,317 - qsp.Demo - INFO - info1 
2017-01-16 12:29:42,317 - qsp.Demo - DEBUG - debug1 
2017-01-16 12:29:42,317 - qsp.Demo - TRACE - trace1 
2017-01-16 12:29:42,318 - qsp.Demo - FATAL - Fatal2 
2017-01-16 12:29:42,318 - qsp.Demo - ERROR - error2 
2017-01-16 12:29:42,320 - qsp.Demo - WARN - warn2 
2017-01-16 12:29:42,320 - qsp.Demo - INFO - info2 
2017-01-16 12:29:42,320 - qsp.Demo - DEBUG - debug2 
2017-01-16 12:29:42,321 - qsp.Demo - TRACE - trace2 
2017-01-16 12:31:38,204 - qsp.Demo - FATAL - Fatal1 
2017-01-16 12:31:38,222 - qsp.Demo - ERROR - error1 
2017-01-16 12:31:38,222 - qsp.Demo - WARN - warn1 
2017-01-16 12:31:38,223 - qsp.Demo - FATAL - Fatal2 
2017-01-16 12:31:38,223 - qsp.Demo - ERROR - error2 
2017-01-16 12:31:38,223 - qsp.Demo - WARN - warn2 
2017-01-16 16:12:21,108 - qsp.Demo - FATAL - Fatal1 
2017-01-16 16:12:21,138 - qsp.Demo - ERROR - error1 
2017-01-16 16:12:21,139 - qsp.Demo - WARN - warn1 
2017-01-16 16:12:21,139 - qsp.Demo - FATAL - Fatal2 
2017-01-16 16:12:21,139 - qsp.Demo - ERROR - error2 
2017-01-16 16:12:21,139 - qsp.Demo - WARN - warn2 
2017-01-16 16:12:23,754 - qsp.Demo - FATAL - Fatal1 
2017-01-16 16:12:23,759 - qsp.Demo - ERROR - error1 
2017-01-16 16:12:23,759 - qsp.Demo - WARN - warn1 
2017-01-16 16:12:23,759 - qsp.Demo - FATAL - Fatal2 
2017-01-16 16:12:23,759 - qsp.Demo - ERROR - error2 
2017-01-16 16:12:23,759 - qsp.Demo - WARN - warn2 
2017-01-16 16:15:59,500 - qsp.Demo - FATAL - Fatal1 
2017-01-16 16:15:59,523 - qsp.Demo - ERROR - error1 
2017-01-16 16:15:59,523 - qsp.Demo - WARN - warn1 
2017-01-16 16:15:59,523 - qsp.Demo - INFO - info1 
2017-01-16 16:15:59,523 - qsp.Demo - DEBUG - debug1 
2017-01-16 16:15:59,524 - qsp.Demo - TRACE - trace1 
2017-01-16 16:15:59,524 - qsp.Demo - FATAL - Fatal2 
2017-01-16 16:15:59,524 - qsp.Demo - ERROR - error2 
2017-01-16 16:15:59,550 - qsp.Demo - WARN - warn2 
2017-01-16 16:15:59,550 - qsp.Demo - INFO - info2 
2017-01-16 16:15:59,551 - qsp.Demo - DEBUG - debug2 
2017-01-16 16:15:59,551 - qsp.Demo - TRACE - trace2 
